

HI-TECH Software PIC LITE Macro Assembler V9.83 build 10920 
                                                                                               Sat Jun 11 19:35:13 2022

HI-TECH Software Omniscient Code Generator (Lite mode) build 10920
     1  0000                     opt subtitle "HI-TECH Software Omniscient Code Generator (Lite mode) build 10920"
     2                           
     3                           opt pagewidth 120
     4                           
     5                           	opt lm
     6                           
     7                           	processor	16F877A
     8                           clrc	macro
     9                           	bcf	3,0
    10  0000                     	endm
    11                           clrz	macro
    12                           	bcf	3,2
    13  0000                     	endm
    14                           setc	macro
    15                           	bsf	3,0
    16  0000                     	endm
    17                           setz	macro
    18                           	bsf	3,2
    19  0000                     	endm
    20                           skipc	macro
    21                           	btfss	3,0
    22  0000                     	endm
    23                           skipz	macro
    24                           	btfss	3,2
    25  0000                     	endm
    26                           skipnc	macro
    27                           	btfsc	3,0
    28  0000                     	endm
    29                           skipnz	macro
    30                           	btfsc	3,2
    31  0000                     	endm
    32  0000                     indf	equ	0
    33  0000                     indf0	equ	0
    34  0002                     pc	equ	2
    35  0002                     pcl	equ	2
    36  0003                     status	equ	3
    37  0004                     fsr	equ	4
    38  0004                     fsr0	equ	4
    39  0001                     c	equ	1
    40  0000                     z	equ	0
    41  000A                     pclath	equ	10
    42                           # 3 "D:\pic_youtube_tutorials\sample7.c"
    43                           	psect config,class=CONFIG,delta=2 ;#
    44                           # 3 "D:\pic_youtube_tutorials\sample7.c"
    45  2007  3F7A               	dw 0x3F7A ;#
    46                           	FNROOT	_main
    47                           	global	main@F1092
    48                           psect	idataBANK0,class=CODE,space=0,delta=2
    49                           global __pidataBANK0
    50  077A                     __pidataBANK0:
    51                           	file	"D:\pic_youtube_tutorials\sample7.c"
    52                           	line	9
    53                           
    54                           ;initializer for main@F1092
    55  077A  343F               	retlw	03Fh
    56  077B  3400               	retlw	0
    57                           
    58  077C  3406               	retlw	06h
    59  077D  3400               	retlw	0
    60                           
    61  077E  345B               	retlw	05Bh
    62  077F  3400               	retlw	0
    63                           
    64  0780  344F               	retlw	04Fh
    65  0781  3400               	retlw	0
    66                           
    67  0782  3466               	retlw	066h
    68  0783  3400               	retlw	0
    69                           
    70  0784  346D               	retlw	06Dh
    71  0785  3400               	retlw	0
    72                           
    73  0786  347D               	retlw	07Dh
    74  0787  3400               	retlw	0
    75                           
    76  0788  3407               	retlw	07h
    77  0789  3400               	retlw	0
    78                           
    79  078A  347F               	retlw	07Fh
    80  078B  3400               	retlw	0
    81                           
    82  078C  346F               	retlw	06Fh
    83  078D  3400               	retlw	0
    84                           
    85                           	global	_PORTB
    86  0006                     _PORTB	set	6
    87                           	global	_CARRY
    88  0018                     _CARRY	set	24
    89                           	global	_GIE
    90  005F                     _GIE	set	95
    91                           	global	_RC0
    92  0038                     _RC0	set	56
    93                           	global	_TRISB
    94  0086                     _TRISB	set	134
    95                           	global	_TRISC0
    96  0438                     _TRISC0	set	1080
    97                           	global	_EEADR
    98  010D                     _EEADR	set	269
    99                           	global	_EEDATA
   100  010C                     _EEDATA	set	268
   101                           	global	_EECON1
   102  018C                     _EECON1	set	396
   103                           	global	_EECON2
   104  018D                     _EECON2	set	397
   105                           	global	_RD
   106  0C60                     _RD	set	3168
   107                           	global	_WR
   108  0C61                     _WR	set	3169
   109                           	global	_WREN
   110  0C62                     _WREN	set	3170
   111                           	file	"sample7.as"
   112                           	line	#
   113                           psect cinit,class=CODE,delta=2
   114                           global start_initialization
   115  0755                     start_initialization:
   116                           
   117                           psect	dataBANK0,class=BANK0,space=1
   118                           global __pdataBANK0
   119  0036                     __pdataBANK0:
   120                           	file	"D:\pic_youtube_tutorials\sample7.c"
   121  0036                     main@F1092:
   122  0036                            ds      20
   123                           
   124                           global btemp
   125                           psect inittext,class=CODE,delta=2
   126                           global init_fetch,btemp
   127                           ;	Called with low address in FSR and high address in W
   128  0767                     init_fetch:
   129  0767  087E               	movf btemp,w
   130  0768  008A               	movwf pclath
   131  0769  087F               	movf btemp+1,w
   132  076A  0082               	movwf pc
   133                           global init_ram
   134                           ;Called with:
   135                           ;	high address of idata address in btemp 
   136                           ;	low address of idata address in btemp+1 
   137                           ;	low address of data in FSR
   138                           ;	high address + 1 of data in btemp-1
   139  076B                     init_ram:
   140  076B  120A  118A  2767   	fcall init_fetch
              120A  118A         
   141  0770  0080               	movwf indf,f
   142  0771  0A84               	incf fsr,f
   143  0772  0804               	movf fsr,w
   144  0773  067D               	xorwf btemp-1,w
   145  0774  1903               	btfsc status,2
   146  0775  3400               	retlw 0
   147  0776  0AFF               	incf btemp+1,f
   148  0777  1903               	btfsc status,2
   149  0778  0AFE               	incf btemp,f
   150  0779  2F6B               	goto init_ram
   151                           ; Initialize objects allocated to BANK0
   152                           psect cinit,class=CODE,delta=2
   153                           global init_ram, __pidataBANK0
   154  0755  1383               	bcf	status, 7	;select IRP bank0
   155  0756  304A               	movlw low(__pdataBANK0+20)
   156  0757  00FD               	movwf btemp-1,f
   157  0758  3007               	movlw high(__pidataBANK0)
   158  0759  00FE               	movwf btemp,f
   159  075A  307A               	movlw low(__pidataBANK0)
   160  075B  00FF               	movwf btemp+1,f
   161  075C  3036               	movlw low(__pdataBANK0)
   162  075D  0084               	movwf fsr,f
   163  075E  120A  118A  276B   	fcall init_ram
              120A  118A         
   164                           psect cinit,class=CODE,delta=2
   165                           global end_of_initialization
   166                           
   167                           ;End of C runtime variable initialization code
   168                           
   169  0763                     end_of_initialization:
   170  0763  0183               clrf status
   171  0764  120A  118A  2F8E   ljmp _main	;jump to C main() function
   172                           psect	cstackCOMMON,class=COMMON,space=1
   173                           global __pcstackCOMMON
   174  0070                     __pcstackCOMMON:
   175                           	global	?_main
   176  0070                     ?_main:	; 0 bytes @ 0x0
   177                           	global	??_main
   178  0070                     ??_main:	; 0 bytes @ 0x0
   179  0070                     	ds	4
   180                           psect	cstackBANK0,class=BANK0,space=1
   181                           global __pcstackBANK0
   182  0020                     __pcstackBANK0:
   183                           	global	main@seg_array
   184  0020                     main@seg_array:	; 20 bytes @ 0x0
   185  0020                     	ds	20
   186                           	global	main@i
   187  0034                     main@i:	; 2 bytes @ 0x14
   188  0034                     	ds	2
   189 ;;Data sizes: Strings 0, constant 0, data 20, bss 0, persistent 0 stack 0
   190 ;;Auto spaces:   Size  Autos    Used
   191 ;; COMMON          14      4       4
   192 ;; BANK0           80     22      42
   193 ;; BANK1           80      0       0
   194 ;; BANK3           96      0       0
   195 ;; BANK2           96      0       0
   196                           
   197 ;;
   198 ;; Pointer list with targets:
   199                           
   200                           
   201                           
   202 ;;
   203 ;; Critical Paths under _main in COMMON
   204 ;;
   205 ;;   None.
   206 ;;
   207 ;; Critical Paths under _main in BANK0
   208 ;;
   209 ;;   None.
   210 ;;
   211 ;; Critical Paths under _main in BANK1
   212 ;;
   213 ;;   None.
   214 ;;
   215 ;; Critical Paths under _main in BANK3
   216 ;;
   217 ;;   None.
   218 ;;
   219 ;; Critical Paths under _main in BANK2
   220 ;;
   221 ;;   None.
   222                           
   223 ;;
   224 ;;Main: autosize = 0, tempsize = 4, incstack = 0, save=0
   225 ;;
   226                           
   227 ;;
   228 ;;Call Graph Tables:
   229 ;;
   230 ;; ---------------------------------------------------------------------------------
   231 ;; (Depth) Function   	        Calls       Base Space   Used Autos Params    Refs
   232 ;; ---------------------------------------------------------------------------------
   233 ;; (0) _main                                                26    26      0      92
   234 ;;                                              0 COMMON     4     4      0
   235 ;;                                              0 BANK0     22    22      0
   236 ;; ---------------------------------------------------------------------------------
   237 ;; Estimated maximum stack depth 0
   238 ;; ---------------------------------------------------------------------------------
   239                           
   240 ;; Call Graph Graphs:
   241                           
   242 ;; _main (ROOT)
   243 ;;
   244                           
   245 ;; Address spaces:
   246                           
   247 ;;Name               Size   Autos  Total    Cost      Usage
   248 ;;BANK3               60      0       0       9        0.0%
   249 ;;BITBANK3            60      0       0       8        0.0%
   250 ;;SFR3                 0      0       0       4        0.0%
   251 ;;BITSFR3              0      0       0       4        0.0%
   252 ;;BANK2               60      0       0      11        0.0%
   253 ;;BITBANK2            60      0       0      10        0.0%
   254 ;;SFR2                 0      0       0       5        0.0%
   255 ;;BITSFR2              0      0       0       5        0.0%
   256 ;;SFR1                 0      0       0       2        0.0%
   257 ;;BITSFR1              0      0       0       2        0.0%
   258 ;;BANK1               50      0       0       7        0.0%
   259 ;;BITBANK1            50      0       0       6        0.0%
   260 ;;CODE                 0      0       0       0        0.0%
   261 ;;DATA                 0      0      2E      12        0.0%
   262 ;;ABS                  0      0      2E       3        0.0%
   263 ;;NULL                 0      0       0       0        0.0%
   264 ;;STACK                0      0       0       2        0.0%
   265 ;;BANK0               50     16      2A       5       52.5%
   266 ;;BITBANK0            50      0       0       4        0.0%
   267 ;;SFR0                 0      0       0       1        0.0%
   268 ;;BITSFR0              0      0       0       1        0.0%
   269 ;;COMMON               E      4       4       1       28.6%
   270 ;;BITCOMMON            E      0       0       0        0.0%
   271 ;;EEDATA             100      0       0       0        0.0%
   272                           
   273                           	global	_main
   274                           psect	maintext,global,class=CODE,delta=2
   275                           global __pmaintext
   276  078E                     __pmaintext:
   277                           
   278 ;; *************** function _main *****************
   279 ;; Defined at:
   280 ;;		line 6 in file "D:\pic_youtube_tutorials\sample7.c"
   281 ;; Parameters:    Size  Location     Type
   282 ;;		None
   283 ;; Auto vars:     Size  Location     Type
   284 ;;  i               2   20[BANK0 ] int 
   285 ;;  seg_array      20    0[BANK0 ] unsigned int [10]
   286 ;; Return value:  Size  Location     Type
   287 ;;		None               void
   288 ;; Registers used:
   289 ;;		wreg, fsr0l, fsr0h, status,2, status,0, btemp+1
   290 ;; Tracked objects:
   291 ;;		On entry : 17F/0
   292 ;;		On exit  : 0/0
   293 ;;		Unchanged: 0/0
   294 ;; Data sizes:     COMMON   BANK0   BANK1   BANK3   BANK2
   295 ;;      Params:         0       0       0       0       0
   296 ;;      Locals:         0      22       0       0       0
   297 ;;      Temps:          4       0       0       0       0
   298 ;;      Totals:         4      22       0       0       0
   299 ;;Total ram usage:       26 bytes
   300 ;; This function calls:
   301 ;;		Nothing
   302 ;; This function is called by:
   303 ;;		Startup code after reset
   304 ;; This function uses a non-reentrant model
   305 ;;
   306                           psect	maintext
   307                           	file	"D:\pic_youtube_tutorials\sample7.c"
   308                           	line	6
   309                           	global	__size_of_main
   310  0072                     	__size_of_main	equ	__end_of_main-_main
   311                           	
   312  078E                     _main:	
   313                           	opt	stack 8
   314                           ; Regs used in _main: [wreg-fsr0h+status,2+status,0+btemp+1]
   315                           	line	7
   316                           	
   317  078E                     l2625:	
   318                           ;sample7.c: 7: TRISC0 = 1;
   319  078E  1683               	bsf	status, 5	;RP0=1, select bank1
   320  078F  1303               	bcf	status, 6	;RP1=0, select bank1
   321  0790  1407               	bsf	(1080/8)^080h,(1080)&7
   322                           	line	8
   323                           	
   324  0791                     l2627:	
   325                           ;sample7.c: 8: TRISB = 0x00;
   326  0791  0186               	clrf	(134)^080h	;volatile
   327                           	line	9
   328                           	
   329  0792                     l2629:	
   330                           ;sample7.c: 9: unsigned int seg_array[10] = {0x3F,0x06,0x5B,0x4F,0x66,0x6D,0x7D,0x07,0x7
                                 F,0x6F};
   331  0792  3020               	movlw	(main@seg_array)&0ffh
   332  0793  0084               	movwf	fsr0
   333  0794  3036               	movlw	low(main@F1092)
   334  0795  00F0               	movwf	(??_main+0)+0
   335  0796  0804               	movf	fsr0,w
   336  0797  00F1               	movwf	((??_main+0)+0+1)
   337  0798  3014               	movlw	20
   338  0799  00F2               	movwf	((??_main+0)+0+2)
   339  079A                     u2260:
   340  079A  0870               	movf	(??_main+0)+0,w
   341  079B  0084               	movwf	fsr0
   342  079C  1383               	bcf	status, 7	;select IRP bank0
   343                           	
   344  079D  0800               	movf	indf,w
   345  079E  00F3               	movwf	((??_main+0)+0+3)
   346  079F  0AF0               	incf	(??_main+0)+0,f
   347  07A0  0871               	movf	((??_main+0)+0+1),w
   348  07A1  0084               	movwf	fsr0
   349                           	
   350  07A2  0873               	movf	((??_main+0)+0+3),w
   351  07A3  0080               	movwf	indf
   352  07A4  0AF1               	incf	((??_main+0)+0+1),f
   353  07A5  0BF2               	decfsz	((??_main+0)+0+2),f
   354  07A6  2F9A               	goto	u2260
   355  07A7  2FA8               	goto	l2631
   356                           	line	10
   357                           ;sample7.c: 10: while(1)
   358                           	
   359  07A8                     l689:	
   360                           	line	12
   361                           	
   362  07A8                     l2631:	
   363                           ;sample7.c: 11: {
   364                           ;sample7.c: 12: if(RC0 == 1)
   365  07A8  1283               	bcf	status, 5	;RP0=0, select bank0
   366  07A9  1303               	bcf	status, 6	;RP1=0, select bank0
   367  07AA  1C07               	btfss	(56/8),(56)&7
   368  07AB  2FAD               	goto	u2271
   369  07AC  2FAE               	goto	u2270
   370  07AD                     u2271:
   371  07AD  2FFA               	goto	l690
   372  07AE                     u2270:
   373                           	line	15
   374                           	
   375  07AE                     l2633:	
   376                           ;sample7.c: 13: {
   377                           ;sample7.c: 15: for(int i=0;i<10;i++)
   378  07AE  01B4               	clrf	(main@i)
   379  07AF  01B5               	clrf	(main@i+1)
   380                           	
   381  07B0                     l2635:	
   382  07B0  0835               	movf	(main@i+1),w
   383  07B1  3A80               	xorlw	80h
   384  07B2  00FF               	movwf	btemp+1
   385  07B3  3080               	movlw	(high(0Ah))^80h
   386  07B4  027F               	subwf	btemp+1,w
   387  07B5  1D03               	skipz
   388  07B6  2FB9               	goto	u2285
   389  07B7  300A               	movlw	low(0Ah)
   390  07B8  0234               	subwf	(main@i),w
   391  07B9                     u2285:
   392                           
   393  07B9  1C03               	skipc
   394  07BA  2FBC               	goto	u2281
   395  07BB  2FBD               	goto	u2280
   396  07BC                     u2281:
   397  07BC  2FBF               	goto	l2639
   398  07BD                     u2280:
   399  07BD  2FA8               	goto	l2631
   400                           	
   401  07BE                     l2637:	
   402  07BE  2FA8               	goto	l2631
   403                           	line	16
   404                           	
   405  07BF                     l691:	
   406                           	line	17
   407                           	
   408  07BF                     l2639:	
   409                           ;sample7.c: 16: {
   410                           ;sample7.c: 17: _delay((unsigned long)((1000)*(16000000/4000.0)));
   411                           	opt asmopt_off
   412  07BF  3015               movlw  21
   413  07C0  00F2               movwf	((??_main+0)+0+2),f
   414  07C1  304B               movlw	75
   415  07C2  00F1               movwf	((??_main+0)+0+1),f
   416  07C3  30D1               	movlw	209
   417  07C4  00F0               movwf	((??_main+0)+0),f
   418  07C5                     u2307:
   419  07C5  0BF0               	decfsz	((??_main+0)+0),f
   420  07C6  2FC5               	goto	u2307
   421  07C7  0BF1               	decfsz	((??_main+0)+0+1),f
   422  07C8  2FC5               	goto	u2307
   423  07C9  0BF2               	decfsz	((??_main+0)+0+2),f
   424  07CA  2FC5               	goto	u2307
   425  07CB  0064               	clrwdt
   426                           opt asmopt_on
   427                           
   428                           	line	18
   429                           	
   430  07CC                     l2641:	
   431                           ;sample7.c: 18: PORTB = seg_array[i];
   432  07CC  1283               	bcf	status, 5	;RP0=0, select bank0
   433  07CD  1303               	bcf	status, 6	;RP1=0, select bank0
   434  07CE  0834               	movf	(main@i),w
   435  07CF  00F0               	movwf	(??_main+0)+0
   436  07D0  0770               	addwf	(??_main+0)+0,w
   437  07D1  3E20               	addlw	main@seg_array&0ffh
   438  07D2  0084               	movwf	fsr0
   439  07D3  1383               	bcf	status, 7	;select IRP bank0
   440  07D4  0800               	movf	indf,w
   441  07D5  0086               	movwf	(6)	;volatile
   442                           	line	19
   443                           	
   444  07D6                     l2643:	
   445                           ;sample7.c: 19: _delay((unsigned long)((1000)*(16000000/4000.0)));
   446                           	opt asmopt_off
   447  07D6  3015               movlw  21
   448  07D7  00F2               movwf	((??_main+0)+0+2),f
   449  07D8  304B               movlw	75
   450  07D9  00F1               movwf	((??_main+0)+0+1),f
   451  07DA  30D1               	movlw	209
   452  07DB  00F0               movwf	((??_main+0)+0),f
   453  07DC                     u2317:
   454  07DC  0BF0               	decfsz	((??_main+0)+0),f
   455  07DD  2FDC               	goto	u2317
   456  07DE  0BF1               	decfsz	((??_main+0)+0+1),f
   457  07DF  2FDC               	goto	u2317
   458  07E0  0BF2               	decfsz	((??_main+0)+0+2),f
   459  07E1  2FDC               	goto	u2317
   460  07E2  0064               	clrwdt
   461                           opt asmopt_on
   462                           
   463                           	line	15
   464                           	
   465  07E3                     l2645:	
   466  07E3  3001               	movlw	low(01h)
   467  07E4  1283               	bcf	status, 5	;RP0=0, select bank0
   468  07E5  1303               	bcf	status, 6	;RP1=0, select bank0
   469  07E6  07B4               	addwf	(main@i),f
   470  07E7  1803               	skipnc
   471  07E8  0AB5               	incf	(main@i+1),f
   472  07E9  3000               	movlw	high(01h)
   473  07EA  07B5               	addwf	(main@i+1),f
   474                           	
   475  07EB                     l2647:	
   476  07EB  0835               	movf	(main@i+1),w
   477  07EC  3A80               	xorlw	80h
   478  07ED  00FF               	movwf	btemp+1
   479  07EE  3080               	movlw	(high(0Ah))^80h
   480  07EF  027F               	subwf	btemp+1,w
   481  07F0  1D03               	skipz
   482  07F1  2FF4               	goto	u2295
   483  07F2  300A               	movlw	low(0Ah)
   484  07F3  0234               	subwf	(main@i),w
   485  07F4                     u2295:
   486                           
   487  07F4  1C03               	skipc
   488  07F5  2FF7               	goto	u2291
   489  07F6  2FF8               	goto	u2290
   490  07F7                     u2291:
   491  07F7  2FBF               	goto	l2639
   492  07F8                     u2290:
   493  07F8  2FA8               	goto	l2631
   494                           	
   495  07F9                     l692:	
   496                           	line	21
   497                           ;sample7.c: 20: }
   498                           ;sample7.c: 21: }
   499  07F9  2FA8               	goto	l2631
   500                           	line	23
   501                           	
   502  07FA                     l690:	
   503                           	line	25
   504                           ;sample7.c: 23: else
   505                           ;sample7.c: 24: {
   506                           ;sample7.c: 25: RC0 == 0;
   507  07FA  2FA8               	goto	l2631
   508                           	line	26
   509                           	
   510  07FB                     l693:	
   511  07FB  2FA8               	goto	l2631
   512                           	line	28
   513                           	
   514  07FC                     l694:	
   515                           	line	10
   516  07FC  2FA8               	goto	l2631
   517                           	
   518  07FD                     l695:	
   519                           	line	29
   520                           	
   521  07FD                     l696:	
   522                           	global	start
   523  07FD  120A  118A  2800   	ljmp	start
   524                           	opt stack 0
   525                           GLOBAL	__end_of_main
   526  0800                     	__end_of_main:
   527 ;; =============== function _main ends ============
   528                           
   529                           	signat	_main,88
   530                           psect	maintext
   531                           	global	btemp
   532  007E                     	btemp set 07Eh
   533                           
   534                           	DABS	1,126,2	;btemp
   535                           	global	wtemp0
   536  007E                     	wtemp0 set btemp


HI-TECH Software PICC Macro Assembler V9.83 build 10920 
Symbol Table                                                                                   Sat Jun 11 19:35:13 2022

                   pc 0002                    _RD 0C60                    _WR 0C61                    fsr 0004  
                 l690 07FA                   l691 07BF                   l692 07F9                   l693 07FB  
                 l694 07FC                   l695 07FD                   l696 07FD                   l689 07A8  
                 _GIE 005F                   _RC0 0038                   fsr0 0004                   indf 0000  
                l2631 07A8                  l2641 07CC                  l2633 07AE                  l2625 078E  
                l2643 07D6                  l2635 07B0                  l2627 0791                  l2645 07E3  
                l2637 07BE                  l2629 0792                  l2647 07EB                  l2639 07BF  
                u2307 07C5                  u2260 079A                  u2317 07DC                  u2270 07AE  
                u2271 07AD                  u2280 07BD                  u2281 07BC                  u2290 07F8  
                u2291 07F7                  u2285 07B9                  u2295 07F4                  _WREN 0C62  
                _main 078E                  btemp 007E                  start 0000                 ?_main 0070  
               _EEADR 010D                 _CARRY 0018                 _PORTB 0006                 _TRISB 0086  
               main@i 0034                 pclath 000A                 status 0003                 wtemp0 007E  
        __end_of_main 0800                ??_main 0070                _EEDATA 010C                _EECON1 018C  
              _EECON2 018D                _TRISC0 0438         main@seg_array 0020        __pcstackCOMMON 0070  
        __pidataBANK0 077A            __pmaintext 078E  end_of_initialization 0763               init_ram 076B  
 start_initialization 0755           __pdataBANK0 0036         __pcstackBANK0 0020             main@F1092 0036  
           init_fetch 0767         __size_of_main 0072  
