

HI-TECH Software PIC PRO Macro Assembler V9.83 build 10920 
                                                                                               Fri Jun 24 23:25:36 2022

HI-TECH Software Omniscient Code Generator (PRO mode) build 10920
     1                           	processor	16F877A
     2                           	opt	pw 120
     3                           	opt	pm
     4                           	psect	config,global,class=CONFIG,delta=2
     5                           	psect	text66,local,class=CODE,delta=2
     6                           	psect	strings,global,class=STRING,delta=2
     7                           	psect	cinit,global,class=CODE,delta=2
     8                           	psect	cstackCOMMON,global,class=COMMON,space=1,delta=1
     9                           	psect	maintext,global,class=CODE,delta=2
    10                           	psect	text67,local,class=CODE,delta=2
    11                           	psect	text68,local,class=CODE,delta=2
    12                           	psect	text70,local,class=CODE,delta=2
    13                           	psect	text71,local,class=CODE,delta=2
    14                           	psect	pa_nodes,global,class=CODE,delta=2
    15                           	dabs	1,0x7E,2
    16  000A                     	;#
    17                           
    18                           	psect	config
    19  2007  3F7A               	dw	16250	;#
    20                           
    21                           	psect	text66
    22  0000                     __ptext66:	
    23  001A                     _RCREG	set	26
    24  0018                     _RCSTA	set	24
    25  0019                     _TXREG	set	25
    26  0065                     _RCIF	set	101
    27  0064                     _TXIF	set	100
    28  0099                     _SPBRG	set	153
    29  0098                     _TXSTA	set	152
    30                           
    31                           	psect	strings
    32  0003                     __pstrings:	
    33  0003                     stringtab:	
    34                           ;	global	stringdir,stringtab,__stringbase
    35                           
    36  0003                     stringcode:	
    37                           ;	String table - string pointers are 1 byte each
    38                           
    39  0003                     stringdir:	
    40  0003  3000               	movlw	high stringdir
    41  0004  008A               	movwf	10
    42  0005  0804               	movf	4,w
    43  0006  0A84               	incf	4,f
    44  0007  0782               	addwf	2,f
    45  0008                     __stringbase:	
    46  0008  3400               	retlw	0
    47  0009                     STR_1:	
    48  0009  3445               	retlw	69	;'E'
    49  000A  344D               	retlw	77	;'M'
    50  000B  3442               	retlw	66	;'B'
    51  000C  3444               	retlw	68	;'D'
    52  000D  3445               	retlw	69	;'E'
    53  000E  3444               	retlw	68	;'D'
    54  000F  3444               	retlw	68	;'D'
    55  0010  3420               	retlw	32	;' '
    56  0011  3400               	retlw	0
    57                           
    58                           	psect	cinit
    59  07AB                     start_initialization:	
    60  07AB                     end_of_initialization:	
    61                           ;End of C runtime variable initialization code
    62                           
    63  07AB  0183               	clrf	3
    64  07AC  120A  118A  2FDF   	ljmp	_main	;jump to C main() function
    65                           
    66                           	psect	cstackCOMMON
    67  0070                     __pcstackCOMMON:	
    68  0070                     ?_uart_init:	
    69  0070                     ??_uart_init:	
    70                           ; 0 bytes @ 0x0
    71                           
    72  0070                     ?_uart_transmit:	
    73                           ; 0 bytes @ 0x0
    74                           
    75  0070                     ??_uart_transmit:	
    76                           ; 0 bytes @ 0x0
    77                           
    78  0070                     ??_uart_receive:	
    79                           ; 0 bytes @ 0x0
    80                           
    81  0070                     ?_main:	
    82                           ; 0 bytes @ 0x0
    83                           
    84  0070                     ?_uart_receive:	
    85                           ; 0 bytes @ 0x0
    86                           
    87  0070                     uart_transmit@data:	
    88                           ; 1 bytes @ 0x0
    89                           
    90                           
    91                           ; 1 bytes @ 0x0
    92  0070                     	ds	1
    93  0071                     ?_uart_string_transmit:	
    94  0071                     uart_string_transmit@string_length:	
    95                           ; 0 bytes @ 0x1
    96                           
    97                           
    98                           ; 2 bytes @ 0x1
    99  0071                     	ds	2
   100  0073                     ??_uart_string_transmit:	
   101  0073                     uart_string_transmit@string:	
   102                           ; 0 bytes @ 0x3
   103                           
   104                           
   105                           ; 1 bytes @ 0x3
   106  0073                     	ds	1
   107  0074                     uart_string_transmit@i:	
   108                           
   109                           ; 2 bytes @ 0x4
   110  0074                     	ds	2
   111  0076                     ??_main:	
   112                           
   113                           ; 0 bytes @ 0x6
   114  0076                     	ds	3
   115                           
   116                           	psect	maintext
   117  07DF                     __pmaintext:	
   118 ;;Data sizes: Strings 9, constant 0, data 0, bss 0, persistent 0 stack 0
   119 ;;Auto spaces:   Size  Autos    Used
   120 ;; COMMON          14      9       9
   121 ;; BANK0           80      0       0
   122 ;; BANK1           80      0       0
   123 ;; BANK3           96      0       0
   124 ;; BANK2           96      0       0
   125 ;;
   126 ;; Pointer list with targets:
   127 ;; uart_string_transmit@string	PTR unsigned char  size(1) Largest target is 9
   128 ;;		 -> STR_1(CODE[9]), 
   129 ;;
   130 ;;
   131 ;; Critical Paths under _main in COMMON
   132 ;;
   133 ;;   _main->_uart_string_transmit
   134 ;;   _uart_string_transmit->_uart_transmit
   135 ;;
   136 ;; Critical Paths under _main in BANK0
   137 ;;
   138 ;;   None.
   139 ;;
   140 ;; Critical Paths under _main in BANK1
   141 ;;
   142 ;;   None.
   143 ;;
   144 ;; Critical Paths under _main in BANK3
   145 ;;
   146 ;;   None.
   147 ;;
   148 ;; Critical Paths under _main in BANK2
   149 ;;
   150 ;;   None.
   151 ;;
   152 ;;Main: autosize = 0, tempsize = 3, incstack = 0, save=0
   153 ;;
   154 ;;
   155 ;;Call Graph Tables:
   156 ;;
   157 ;; ---------------------------------------------------------------------------------
   158 ;; (Depth) Function   	        Calls       Base Space   Used Autos Params    Refs
   159 ;; ---------------------------------------------------------------------------------
   160 ;; (0) _main                                                 3     3      0      80
   161 ;;                                              6 COMMON     3     3      0
   162 ;;                          _uart_init
   163 ;;               _uart_string_transmit
   164 ;;                       _uart_receive
   165 ;; ---------------------------------------------------------------------------------
   166 ;; (1) _uart_string_transmit                                 5     3      2      75
   167 ;;                                              1 COMMON     5     3      2
   168 ;;                      _uart_transmit
   169 ;; ---------------------------------------------------------------------------------
   170 ;; (1) _uart_receive                                         1     1      0       5
   171 ;;                                              0 COMMON     1     1      0
   172 ;; ---------------------------------------------------------------------------------
   173 ;; (2) _uart_transmit                                        1     1      0      15
   174 ;;                                              0 COMMON     1     1      0
   175 ;; ---------------------------------------------------------------------------------
   176 ;; (1) _uart_init                                            0     0      0       0
   177 ;; ---------------------------------------------------------------------------------
   178 ;; Estimated maximum stack depth 2
   179 ;; ---------------------------------------------------------------------------------
   180 ;; Call Graph Graphs:
   181 ;; _main (ROOT)
   182 ;;   _uart_init
   183 ;;   _uart_string_transmit
   184 ;;     _uart_transmit
   185 ;;   _uart_receive
   186 ;;
   187 ;; Address spaces:
   188 ;;Name               Size   Autos  Total    Cost      Usage
   189 ;;BITCOMMON            E      0       0       0        0.0%
   190 ;;EEDATA             100      0       0       0        0.0%
   191 ;;NULL                 0      0       0       0        0.0%
   192 ;;CODE                 0      0       0       0        0.0%
   193 ;;COMMON               E      9       9       1       64.3%
   194 ;;BITSFR0              0      0       0       1        0.0%
   195 ;;SFR0                 0      0       0       1        0.0%
   196 ;;BITSFR1              0      0       0       2        0.0%
   197 ;;SFR1                 0      0       0       2        0.0%
   198 ;;STACK                0      0       2       2        0.0%
   199 ;;ABS                  0      0       0       3        0.0%
   200 ;;BITBANK0            50      0       0       4        0.0%
   201 ;;BITSFR3              0      0       0       4        0.0%
   202 ;;SFR3                 0      0       0       4        0.0%
   203 ;;BANK0               50      0       0       5        0.0%
   204 ;;BITSFR2              0      0       0       5        0.0%
   205 ;;SFR2                 0      0       0       5        0.0%
   206 ;;BITBANK1            50      0       0       6        0.0%
   207 ;;BANK1               50      0       0       7        0.0%
   208 ;;BITBANK3            60      0       0       8        0.0%
   209 ;;BANK3               60      0       0       9        0.0%
   210 ;;BITBANK2            60      0       0      10        0.0%
   211 ;;BANK2               60      0       0      11        0.0%
   212 ;;DATA                 0      0       0      12        0.0%
   213                           
   214                           
   215 ;; *************** function _main *****************
   216 ;; Defined at:
   217 ;;		line 42 in file "D:\pic_youtube_tutorials\uart.c"
   218 ;; Parameters:    Size  Location     Type
   219 ;;		None
   220 ;; Auto vars:     Size  Location     Type
   221 ;;		None
   222 ;; Return value:  Size  Location     Type
   223 ;;		None               void
   224 ;; Registers used:
   225 ;;		wreg, fsr0l, fsr0h, status,2, status,0, pclath, cstack
   226 ;; Tracked objects:
   227 ;;		On entry : 17F/0
   228 ;;		On exit  : 60/0
   229 ;;		Unchanged: 0/0
   230 ;; Data sizes:     COMMON   BANK0   BANK1   BANK3   BANK2
   231 ;;      Params:         0       0       0       0       0
   232 ;;      Locals:         0       0       0       0       0
   233 ;;      Temps:          3       0       0       0       0
   234 ;;      Totals:         3       0       0       0       0
   235 ;;Total ram usage:        3 bytes
   236 ;; Hardware stack levels required when called:    2
   237 ;; This function calls:
   238 ;;		_uart_init
   239 ;;		_uart_string_transmit
   240 ;;		_uart_receive
   241 ;; This function is called by:
   242 ;;		Startup code after reset
   243 ;; This function uses a non-reentrant model
   244 ;;
   245  07DF                     _main:	
   246                           
   247                           ;uart.c: 47: uart_init();
   248                           
   249                           ; Regs used in _main: [wreg-fsr0h+status,2+status,0+pclath+cstack]
   250  07DF  120A  118A  27B4   	fcall	_uart_init
      +       120A  118A         
   251  07E4                     l1780:	
   252                           
   253                           ;uart.c: 49: {
   254                           ;uart.c: 50: uart_string_transmit("EMBDEDD ",8);
   255  07E4  3008               	movlw	8
   256  07E5  00F1               	movwf	?_uart_string_transmit
   257  07E6  3001               	movlw	(STR_1-__stringbase)& (0+255)
   258  07E7  01F2               	clrf	?_uart_string_transmit+1
   259  07E8  120A  118A  27BE   	fcall	_uart_string_transmit
      +       120A  118A         
   260                           
   261                           ;uart.c: 51: _delay((unsigned long)((1000)*(16000000/4000.0)));
   262  07ED  3015               	movlw	21
   263  07EE  00F8               	movwf	??_main+2
   264  07EF  304B               	movlw	75
   265  07F0  00F7               	movwf	??_main+1
   266  07F1  30D1               	movlw	209
   267  07F2  00F6               	movwf	??_main
   268  07F3                     u47:	
   269  07F3  0BF6               	decfsz	??_main,f
   270  07F4  2FF3               	goto	u47
   271  07F5  0BF7               	decfsz	??_main+1,f
   272  07F6  2FF3               	goto	u47
   273  07F7  0BF8               	decfsz	??_main+2,f
   274  07F8  2FF3               	goto	u47
   275  07F9  0064               	clrwdt
   276                           
   277                           ;uart.c: 52: uart_receive();
   278  07FA  120A  118A  27AF   	fcall	_uart_receive
      +       120A  118A         
   279  07FF  2FE4               	goto	l1780
   280  0800                     __end_of_main:	
   281                           
   282                           	psect	text67
   283  07BE                     __ptext67:	
   284 ;; =============== function _main ends ============
   285                           
   286                           
   287 ;; *************** function _uart_string_transmit *****************
   288 ;; Defined at:
   289 ;;		line 20 in file "D:\pic_youtube_tutorials\uart.c"
   290 ;; Parameters:    Size  Location     Type
   291 ;;  string          1    wreg     PTR unsigned char 
   292 ;;		 -> STR_1(9), 
   293 ;;  string_lengt    2    1[COMMON] unsigned int 
   294 ;; Auto vars:     Size  Location     Type
   295 ;;  string          1    3[COMMON] PTR unsigned char 
   296 ;;		 -> STR_1(9), 
   297 ;;  i               2    4[COMMON] int 
   298 ;; Return value:  Size  Location     Type
   299 ;;		None               void
   300 ;; Registers used:
   301 ;;		wreg, fsr0l, fsr0h, status,2, status,0, pclath, cstack
   302 ;; Tracked objects:
   303 ;;		On entry : 40/20
   304 ;;		On exit  : 40/0
   305 ;;		Unchanged: FFF9F/0
   306 ;; Data sizes:     COMMON   BANK0   BANK1   BANK3   BANK2
   307 ;;      Params:         2       0       0       0       0
   308 ;;      Locals:         3       0       0       0       0
   309 ;;      Temps:          0       0       0       0       0
   310 ;;      Totals:         5       0       0       0       0
   311 ;;Total ram usage:        5 bytes
   312 ;; Hardware stack levels used:    1
   313 ;; Hardware stack levels required when called:    1
   314 ;; This function calls:
   315 ;;		_uart_transmit
   316 ;; This function is called by:
   317 ;;		_main
   318 ;; This function uses a non-reentrant model
   319 ;;
   320  07BE                     _uart_string_transmit:	
   321                           
   322                           ; Regs used in _uart_string_transmit: [wreg-fsr0h+status,2+status,0+pclath+cstack]
   323                           ;uart_string_transmit@string stored from wreg
   324  07BE  00F3               	movwf	uart_string_transmit@string
   325                           
   326                           ;uart.c: 21: for(int i =0; i<string_length; i++)
   327  07BF  01F4               	clrf	uart_string_transmit@i
   328  07C0  01F5               	clrf	uart_string_transmit@i+1
   329  07C1                     l1776:	
   330  07C1  0872               	movf	uart_string_transmit@string_length+1,w
   331  07C2  0275               	subwf	uart_string_transmit@i+1,w
   332  07C3  1D03               	skipz
   333  07C4  2FC7               	goto	u35
   334  07C5  0871               	movf	uart_string_transmit@string_length,w
   335  07C6  0274               	subwf	uart_string_transmit@i,w
   336  07C7                     u35:	
   337  07C7  1803               	btfsc	3,0
   338  07C8  0008               	return
   339                           
   340                           ;uart.c: 22: {
   341                           ;uart.c: 23: uart_transmit(string[i]);
   342  07C9  0874               	movf	uart_string_transmit@i,w
   343  07CA  0773               	addwf	uart_string_transmit@string,w
   344  07CB  0084               	movwf	4
   345  07CC  120A  118A  2003   	fcall	stringdir
      +       120A  118A         
   346  07D1  27D8  120A  118A   	fcall	_uart_transmit
   347  07D4  0AF4               	incf	uart_string_transmit@i,f
   348  07D5  1903               	skipnz
   349  07D6  0AF5               	incf	uart_string_transmit@i+1,f
   350  07D7  2FC1               	goto	l1776
   351  07D8                     __end_of_uart_string_transmit:	
   352  07D8                     __ptext69:	
   353 ;; =============== function _uart_receive ends ============
   354                           
   355                           
   356 ;; *************** function _uart_transmit *****************
   357 ;; Defined at:
   358 ;;		line 14 in file "D:\pic_youtube_tutorials\uart.c"
   359 ;; Parameters:    Size  Location     Type
   360 ;;  data            1    wreg     unsigned char 
   361 ;; Auto vars:     Size  Location     Type
   362 ;;  data            1    0[COMMON] unsigned char 
   363 ;; Return value:  Size  Location     Type
   364 ;;		None               void
   365 ;; Registers used:
   366 ;;		wreg
   367 ;; Tracked objects:
   368 ;;		On entry : 40/20
   369 ;;		On exit  : 60/0
   370 ;;		Unchanged: FFF9F/0
   371 ;; Data sizes:     COMMON   BANK0   BANK1   BANK3   BANK2
   372 ;;      Params:         0       0       0       0       0
   373 ;;      Locals:         1       0       0       0       0
   374 ;;      Temps:          0       0       0       0       0
   375 ;;      Totals:         1       0       0       0       0
   376 ;;Total ram usage:        1 bytes
   377 ;; Hardware stack levels used:    1
   378 ;; This function calls:
   379 ;;		Nothing
   380 ;; This function is called by:
   381 ;;		_uart_string_transmit
   382 ;; This function uses a non-reentrant model
   383 ;;
   384  07D8                     _uart_transmit:	
   385                           
   386                           ; Regs used in _uart_transmit: [wreg]
   387                           ;uart_transmit@data stored from wreg
   388  07D8  00F0               	movwf	uart_transmit@data
   389  07D9                     l690:	
   390                           ;uart.c: 15: while(TXIF ==0);
   391                           
   392  07D9  1283               	bcf	3,5	;RP0=0, select bank0
   393  07DA  1E0C               	btfss	12,4
   394  07DB  2FD9               	goto	l690
   395                           
   396                           ;uart.c: 16: TXREG = data;
   397  07DC  0870               	movf	uart_transmit@data,w
   398  07DD  0099               	movwf	25	;volatile
   399  07DE  0008               	return
   400  07DF                     __end_of_uart_transmit:	
   401                           
   402                           	psect	text68
   403  07AF                     __ptext68:	
   404 ;; =============== function _uart_string_transmit ends ============
   405                           
   406                           
   407 ;; *************** function _uart_receive *****************
   408 ;; Defined at:
   409 ;;		line 29 in file "D:\pic_youtube_tutorials\uart.c"
   410 ;; Parameters:    Size  Location     Type
   411 ;;		None
   412 ;; Auto vars:     Size  Location     Type
   413 ;;  rec_data        1    0        unsigned char 
   414 ;; Return value:  Size  Location     Type
   415 ;;                  1    wreg      unsigned char 
   416 ;; Registers used:
   417 ;;		wreg
   418 ;; Tracked objects:
   419 ;;		On entry : 0/20
   420 ;;		On exit  : 60/0
   421 ;;		Unchanged: FFF9F/0
   422 ;; Data sizes:     COMMON   BANK0   BANK1   BANK3   BANK2
   423 ;;      Params:         0       0       0       0       0
   424 ;;      Locals:         1       0       0       0       0
   425 ;;      Temps:          0       0       0       0       0
   426 ;;      Totals:         1       0       0       0       0
   427 ;;Total ram usage:        1 bytes
   428 ;; Hardware stack levels used:    1
   429 ;; This function calls:
   430 ;;		Nothing
   431 ;; This function is called by:
   432 ;;		_main
   433 ;; This function uses a non-reentrant model
   434 ;;
   435  07AF                     _uart_receive:	
   436                           
   437                           ;uart.c: 31: char rec_data;
   438                           ;uart.c: 32: if(RCIF ==1)
   439                           
   440                           ; Regs used in _uart_receive: [wreg]
   441  07AF  1283               	bcf	3,5	;RP0=0, select bank0
   442  07B0  1303               	bcf	3,6	;RP1=0, select bank0
   443  07B1  1A8C               	btfsc	12,5
   444  07B2  081A               	movf	26,w	;volatile
   445  07B3  0008               	return
   446  07B4                     __end_of_uart_receive:	
   447                           
   448                           	psect	text70
   449  07B4                     __ptext70:	
   450 ;; =============== function _uart_transmit ends ============
   451                           
   452                           
   453 ;; *************** function _uart_init *****************
   454 ;; Defined at:
   455 ;;		line 6 in file "D:\pic_youtube_tutorials\uart.c"
   456 ;; Parameters:    Size  Location     Type
   457 ;;		None
   458 ;; Auto vars:     Size  Location     Type
   459 ;;		None
   460 ;; Return value:  Size  Location     Type
   461 ;;		None               void
   462 ;; Registers used:
   463 ;;		wreg
   464 ;; Tracked objects:
   465 ;;		On entry : 17F/0
   466 ;;		On exit  : 17F/20
   467 ;;		Unchanged: FFE80/0
   468 ;; Data sizes:     COMMON   BANK0   BANK1   BANK3   BANK2
   469 ;;      Params:         0       0       0       0       0
   470 ;;      Locals:         0       0       0       0       0
   471 ;;      Temps:          0       0       0       0       0
   472 ;;      Totals:         0       0       0       0       0
   473 ;;Total ram usage:        0 bytes
   474 ;; Hardware stack levels used:    1
   475 ;; This function calls:
   476 ;;		Nothing
   477 ;; This function is called by:
   478 ;;		_main
   479 ;; This function uses a non-reentrant model
   480 ;;
   481  07B4                     _uart_init:	
   482                           
   483                           ;uart.c: 7: TXSTA = 0x24;
   484                           
   485                           ; Regs used in _uart_init: [wreg]
   486  07B4  3024               	movlw	36
   487  07B5  1683               	bsf	3,5	;RP0=1, select bank1
   488  07B6  0098               	movwf	24	;volatile
   489                           
   490                           ;uart.c: 8: RCSTA = 0x90;
   491  07B7  3090               	movlw	144
   492  07B8  1283               	bcf	3,5	;RP0=0, select bank0
   493  07B9  0098               	movwf	24	;volatile
   494                           
   495                           ;uart.c: 9: SPBRG = 103;
   496  07BA  3067               	movlw	103
   497  07BB  1683               	bsf	3,5	;RP0=1, select bank1
   498  07BC  0099               	movwf	25	;volatile
   499  07BD  0008               	return
   500  07BE                     __end_of_uart_init:	
   501                           
   502                           	psect	text71
   503  0000                     __ptext71:	
   504 ;; =============== function _uart_init ends ============
   505                           
   506  007E                     btemp	set	126	;btemp
   507  007E                     wtemp0	set	126


HI-TECH Software PICC Macro Assembler V9.83 build 10920 
Symbol Table                                                                                   Fri Jun 24 23:25:36 2022

                                pc 0002                                 u35 07C7  
                               u47 07F3              uart_string_transmit@i 0074  
                               fsr 0004                                l690 07D9  
                              l693 0000                                l687 0000  
                              l699 0000                                fsr0 0004  
            ?_uart_string_transmit 0071                               l1762 0000  
                             l1770 0000                               l1756 0000  
                             l1780 07E4                               l1758 0000  
                             l1774 0000                               l1782 0000  
                             l1776 07C1                               l1784 0000  
                             l1778 0000                               STR_1 0009  
                             _RCIF 0065                               _TXIF 0064  
                  ??_uart_transmit 0070                               _main 07DF  
                             btemp 007E                               start 0000  
                            ?_main 0070                              _RCREG 001A  
                            _RCSTA 0018                              _SPBRG 0099  
                            _TXREG 0019                              _TXSTA 0098  
                            pclath 000A                              status 0003  
                            wtemp0 007E                       __end_of_main 0800  
                           ??_main 0076             ??_uart_string_transmit 0073  
       uart_string_transmit@string 0073                     __pcstackCOMMON 0070  
                       __pmaintext 07DF                 __size_of_uart_init 000A  
            __end_of_uart_transmit 07DF               end_of_initialization 07AB  
                    ?_uart_receive 0070                  __end_of_uart_init 07BE  
    __size_of_uart_string_transmit 001A                     ??_uart_receive 0070  
              start_initialization 07AB                          __pstrings 0003  
             __end_of_uart_receive 07B4                          _uart_init 07B4  
                      __stringbase 0008             __size_of_uart_transmit 0007  
     __end_of_uart_string_transmit 07D8                         ?_uart_init 0070  
                         __ptext70 07B4                           __ptext71 0000  
                         __ptext66 0000                           __ptext67 07BE  
                         __ptext68 07AF                           __ptext69 07D8  
                uart_transmit@data 0070                      __size_of_main 0021  
                    _uart_transmit 07D8              __size_of_uart_receive 0005  
uart_string_transmit@string_length 0071                       _uart_receive 07AF  
                   ?_uart_transmit 0070                          stringcode 0003  
                      ??_uart_init 0070                           stringdir 0003  
                         stringtab 0003               _uart_string_transmit 07BE  
