

HI-TECH Software PIC LITE Macro Assembler V9.83 build 10920 
                                                                                               Fri Jul 08 17:31:29 2022

HI-TECH Software Omniscient Code Generator (Lite mode) build 10920
     1  0000                     opt subtitle "HI-TECH Software Omniscient Code Generator (Lite mode) build 10920"
     2                           
     3                           opt pagewidth 120
     4                           
     5                           	opt lm
     6                           
     7                           	processor	16F877A
     8                           clrc	macro
     9                           	bcf	3,0
    10  0000                     	endm
    11                           clrz	macro
    12                           	bcf	3,2
    13  0000                     	endm
    14                           setc	macro
    15                           	bsf	3,0
    16  0000                     	endm
    17                           setz	macro
    18                           	bsf	3,2
    19  0000                     	endm
    20                           skipc	macro
    21                           	btfss	3,0
    22  0000                     	endm
    23                           skipz	macro
    24                           	btfss	3,2
    25  0000                     	endm
    26                           skipnc	macro
    27                           	btfsc	3,0
    28  0000                     	endm
    29                           skipnz	macro
    30                           	btfsc	3,2
    31  0000                     	endm
    32  0000                     indf	equ	0
    33  0000                     indf0	equ	0
    34  0002                     pc	equ	2
    35  0002                     pcl	equ	2
    36  0003                     status	equ	3
    37  0004                     fsr	equ	4
    38  0004                     fsr0	equ	4
    39  0001                     c	equ	1
    40  0000                     z	equ	0
    41  000A                     pclath	equ	10
    42                           # 3 "D:\pic_youtube_tutorials\uart_led1.c"
    43                           	psect config,class=CONFIG,delta=2 ;#
    44                           # 3 "D:\pic_youtube_tutorials\uart_led1.c"
    45  2007  3F7A               	dw 0x3F7A ;#
    46                           	FNCALL	_main,_uart_init
    47                           	FNCALL	_main,_uart_transmit
    48                           	FNCALL	_main,_uart_receive
    49                           	FNROOT	_main
    50                           	global	_RCREG
    51                           psect	text95,local,class=CODE,delta=2
    52                           global __ptext95
    53  0000                     __ptext95:
    54  001A                     _RCREG	set	26
    55                           	global	_RCSTA
    56  0018                     _RCSTA	set	24
    57                           	global	_TXREG
    58  0019                     _TXREG	set	25
    59                           	global	_CARRY
    60  0018                     _CARRY	set	24
    61                           	global	_GIE
    62  005F                     _GIE	set	95
    63                           	global	_RCIF
    64  0065                     _RCIF	set	101
    65                           	global	_TXIF
    66  0064                     _TXIF	set	100
    67                           	global	_SPBRG
    68  0099                     _SPBRG	set	153
    69                           	global	_TXSTA
    70  0098                     _TXSTA	set	152
    71                           	global	_EEADR
    72  010D                     _EEADR	set	269
    73                           	global	_EEDATA
    74  010C                     _EEDATA	set	268
    75                           	global	_EECON1
    76  018C                     _EECON1	set	396
    77                           	global	_EECON2
    78  018D                     _EECON2	set	397
    79                           	global	_RD
    80  0C60                     _RD	set	3168
    81                           	global	_WR
    82  0C61                     _WR	set	3169
    83                           	global	_WREN
    84  0C62                     _WREN	set	3170
    85                           	file	"uart_led1.as"
    86                           	line	#
    87                           psect cinit,class=CODE,delta=2
    88                           global start_initialization
    89  07B2                     start_initialization:
    90                           
    91                           psect cinit,class=CODE,delta=2
    92                           global end_of_initialization
    93                           
    94                           ;End of C runtime variable initialization code
    95                           
    96  07B2                     end_of_initialization:
    97  07B2  0183               clrf status
    98  07B3  120A  118A  2FDE   ljmp _main	;jump to C main() function
    99                           psect	cstackCOMMON,class=COMMON,space=1
   100                           global __pcstackCOMMON
   101  0070                     __pcstackCOMMON:
   102                           	global	?_uart_init
   103  0070                     ?_uart_init:	; 0 bytes @ 0x0
   104                           	global	??_uart_init
   105  0070                     ??_uart_init:	; 0 bytes @ 0x0
   106                           	global	?_uart_transmit
   107  0070                     ?_uart_transmit:	; 0 bytes @ 0x0
   108                           	global	??_uart_transmit
   109  0070                     ??_uart_transmit:	; 0 bytes @ 0x0
   110                           	global	??_uart_receive
   111  0070                     ??_uart_receive:	; 0 bytes @ 0x0
   112                           	global	?_main
   113  0070                     ?_main:	; 0 bytes @ 0x0
   114                           	global	?_uart_receive
   115  0070                     ?_uart_receive:	; 1 bytes @ 0x0
   116                           	global	uart_transmit@data
   117  0070                     uart_transmit@data:	; 1 bytes @ 0x0
   118  0070                     	ds	1
   119                           	global	uart_receive@rec_data
   120  0071                     uart_receive@rec_data:	; 1 bytes @ 0x1
   121  0071                     	ds	1
   122                           	global	??_main
   123  0072                     ??_main:	; 0 bytes @ 0x2
   124  0072                     	ds	3
   125 ;;Data sizes: Strings 0, constant 0, data 0, bss 0, persistent 0 stack 0
   126 ;;Auto spaces:   Size  Autos    Used
   127 ;; COMMON          14      5       5
   128 ;; BANK0           80      0       0
   129 ;; BANK1           80      0       0
   130 ;; BANK3           96      0       0
   131 ;; BANK2           96      0       0
   132                           
   133 ;;
   134 ;; Pointer list with targets:
   135                           
   136                           
   137                           
   138 ;;
   139 ;; Critical Paths under _main in COMMON
   140 ;;
   141 ;;   _main->_uart_receive
   142 ;;
   143 ;; Critical Paths under _main in BANK0
   144 ;;
   145 ;;   None.
   146 ;;
   147 ;; Critical Paths under _main in BANK1
   148 ;;
   149 ;;   None.
   150 ;;
   151 ;; Critical Paths under _main in BANK3
   152 ;;
   153 ;;   None.
   154 ;;
   155 ;; Critical Paths under _main in BANK2
   156 ;;
   157 ;;   None.
   158                           
   159 ;;
   160 ;;Main: autosize = 0, tempsize = 3, incstack = 0, save=0
   161 ;;
   162                           
   163 ;;
   164 ;;Call Graph Tables:
   165 ;;
   166 ;; ---------------------------------------------------------------------------------
   167 ;; (Depth) Function   	        Calls       Base Space   Used Autos Params    Refs
   168 ;; ---------------------------------------------------------------------------------
   169 ;; (0) _main                                                 3     3      0      20
   170 ;;                                              2 COMMON     3     3      0
   171 ;;                          _uart_init
   172 ;;                      _uart_transmit
   173 ;;                       _uart_receive
   174 ;; ---------------------------------------------------------------------------------
   175 ;; (1) _uart_receive                                         2     2      0       5
   176 ;;                                              0 COMMON     2     2      0
   177 ;; ---------------------------------------------------------------------------------
   178 ;; (1) _uart_transmit                                        1     1      0      15
   179 ;;                                              0 COMMON     1     1      0
   180 ;; ---------------------------------------------------------------------------------
   181 ;; (1) _uart_init                                            0     0      0       0
   182 ;; ---------------------------------------------------------------------------------
   183 ;; Estimated maximum stack depth 1
   184 ;; ---------------------------------------------------------------------------------
   185                           
   186 ;; Call Graph Graphs:
   187                           
   188 ;; _main (ROOT)
   189 ;;   _uart_init
   190 ;;   _uart_transmit
   191 ;;   _uart_receive
   192 ;;
   193                           
   194 ;; Address spaces:
   195                           
   196 ;;Name               Size   Autos  Total    Cost      Usage
   197 ;;BITCOMMON            E      0       0       0        0.0%
   198 ;;EEDATA             100      0       0       0        0.0%
   199 ;;NULL                 0      0       0       0        0.0%
   200 ;;CODE                 0      0       0       0        0.0%
   201 ;;COMMON               E      5       5       1       35.7%
   202 ;;BITSFR0              0      0       0       1        0.0%
   203 ;;SFR0                 0      0       0       1        0.0%
   204 ;;BITSFR1              0      0       0       2        0.0%
   205 ;;SFR1                 0      0       0       2        0.0%
   206 ;;STACK                0      0       1       2        0.0%
   207 ;;ABS                  0      0       0       3        0.0%
   208 ;;BITBANK0            50      0       0       4        0.0%
   209 ;;BITSFR3              0      0       0       4        0.0%
   210 ;;SFR3                 0      0       0       4        0.0%
   211 ;;BANK0               50      0       0       5        0.0%
   212 ;;BITSFR2              0      0       0       5        0.0%
   213 ;;SFR2                 0      0       0       5        0.0%
   214 ;;BITBANK1            50      0       0       6        0.0%
   215 ;;BANK1               50      0       0       7        0.0%
   216 ;;BITBANK3            60      0       0       8        0.0%
   217 ;;BANK3               60      0       0       9        0.0%
   218 ;;BITBANK2            60      0       0      10        0.0%
   219 ;;BANK2               60      0       0      11        0.0%
   220 ;;DATA                 0      0       0      12        0.0%
   221                           
   222                           	global	_main
   223                           psect	maintext,global,class=CODE,delta=2
   224                           global __pmaintext
   225  07DE                     __pmaintext:
   226                           
   227 ;; *************** function _main *****************
   228 ;; Defined at:
   229 ;;		line 42 in file "D:\pic_youtube_tutorials\uart_led1.c"
   230 ;; Parameters:    Size  Location     Type
   231 ;;		None
   232 ;; Auto vars:     Size  Location     Type
   233 ;;		None
   234 ;; Return value:  Size  Location     Type
   235 ;;		None               void
   236 ;; Registers used:
   237 ;;		wreg, status,2, status,0, pclath, cstack
   238 ;; Tracked objects:
   239 ;;		On entry : 17F/0
   240 ;;		On exit  : 0/0
   241 ;;		Unchanged: 0/0
   242 ;; Data sizes:     COMMON   BANK0   BANK1   BANK3   BANK2
   243 ;;      Params:         0       0       0       0       0
   244 ;;      Locals:         0       0       0       0       0
   245 ;;      Temps:          3       0       0       0       0
   246 ;;      Totals:         3       0       0       0       0
   247 ;;Total ram usage:        3 bytes
   248 ;; Hardware stack levels required when called:    1
   249 ;; This function calls:
   250 ;;		_uart_init
   251 ;;		_uart_transmit
   252 ;;		_uart_receive
   253 ;; This function is called by:
   254 ;;		Startup code after reset
   255 ;; This function uses a non-reentrant model
   256 ;;
   257                           psect	maintext
   258                           	file	"D:\pic_youtube_tutorials\uart_led1.c"
   259                           	line	42
   260                           	global	__size_of_main
   261  0022                     	__size_of_main	equ	__end_of_main-_main
   262                           	
   263  07DE                     _main:	
   264                           	opt	stack 7
   265                           ; Regs used in _main: [wreg+status,2+status,0+pclath+cstack]
   266                           	line	47
   267                           	
   268  07DE                     l2636:	
   269                           ;uart_led1.c: 47: uart_init();
   270  07DE  120A  118A  27C2   	fcall	_uart_init
              120A  118A         
   271                           	line	48
   272                           ;uart_led1.c: 48: while(1)
   273                           	
   274  07E3                     l706:	
   275                           	line	50
   276                           ;uart_led1.c: 49: {
   277                           ;uart_led1.c: 50: uart_transmit('a');
   278  07E3  3061               	movlw	(061h)
   279  07E4  120A  118A  27B6   	fcall	_uart_transmit
              120A  118A         
   280                           	line	51
   281                           	
   282  07E9                     l2638:	
   283                           ;uart_led1.c: 51: _delay((unsigned long)((1000)*(16000000/4000.0)));
   284                           	opt asmopt_off
   285  07E9  3015               movlw  21
   286  07EA  00F4               movwf	((??_main+0)+0+2),f
   287  07EB  304B               movlw	75
   288  07EC  00F3               movwf	((??_main+0)+0+1),f
   289  07ED  30D1               	movlw	209
   290  07EE  00F2               movwf	((??_main+0)+0),f
   291  07EF                     u2257:
   292  07EF  0BF2               	decfsz	((??_main+0)+0),f
   293  07F0  2FEF               	goto	u2257
   294  07F1  0BF3               	decfsz	((??_main+0)+0+1),f
   295  07F2  2FEF               	goto	u2257
   296  07F3  0BF4               	decfsz	((??_main+0)+0+2),f
   297  07F4  2FEF               	goto	u2257
   298  07F5  0064               	clrwdt
   299                           opt asmopt_on
   300                           
   301                           	line	52
   302                           	
   303  07F6                     l2640:	
   304                           ;uart_led1.c: 52: uart_receive();
   305  07F6  120A  118A  27CF   	fcall	_uart_receive
              120A  118A         
   306  07FB  2FE3               	goto	l706
   307                           	line	53
   308                           	
   309  07FC                     l707:	
   310                           	line	48
   311  07FC  2FE3               	goto	l706
   312                           	
   313  07FD                     l708:	
   314                           	line	55
   315                           	
   316  07FD                     l709:	
   317                           	global	start
   318  07FD  120A  118A  2800   	ljmp	start
   319                           	opt stack 0
   320                           GLOBAL	__end_of_main
   321  0800                     	__end_of_main:
   322 ;; =============== function _main ends ============
   323                           
   324                           	signat	_main,88
   325                           	global	_uart_receive
   326                           psect	text96,local,class=CODE,delta=2
   327                           global __ptext96
   328  07CF                     __ptext96:
   329                           
   330 ;; *************** function _uart_receive *****************
   331 ;; Defined at:
   332 ;;		line 29 in file "D:\pic_youtube_tutorials\uart_led1.c"
   333 ;; Parameters:    Size  Location     Type
   334 ;;		None
   335 ;; Auto vars:     Size  Location     Type
   336 ;;  rec_data        1    1[COMMON] unsigned char 
   337 ;; Return value:  Size  Location     Type
   338 ;;                  1    wreg      unsigned char 
   339 ;; Registers used:
   340 ;;		wreg
   341 ;; Tracked objects:
   342 ;;		On entry : 0/0
   343 ;;		On exit  : 0/0
   344 ;;		Unchanged: 0/0
   345 ;; Data sizes:     COMMON   BANK0   BANK1   BANK3   BANK2
   346 ;;      Params:         0       0       0       0       0
   347 ;;      Locals:         1       0       0       0       0
   348 ;;      Temps:          1       0       0       0       0
   349 ;;      Totals:         2       0       0       0       0
   350 ;;Total ram usage:        2 bytes
   351 ;; Hardware stack levels used:    1
   352 ;; This function calls:
   353 ;;		Nothing
   354 ;; This function is called by:
   355 ;;		_main
   356 ;; This function uses a non-reentrant model
   357 ;;
   358                           psect	text96
   359                           	file	"D:\pic_youtube_tutorials\uart_led1.c"
   360                           	line	29
   361                           	global	__size_of_uart_receive
   362  000F                     	__size_of_uart_receive	equ	__end_of_uart_receive-_uart_receive
   363                           	
   364  07CF                     _uart_receive:	
   365                           	opt	stack 7
   366                           ; Regs used in _uart_receive: [wreg]
   367                           	line	32
   368                           	
   369  07CF                     l1770:	
   370                           ;uart_led1.c: 31: char rec_data;
   371                           ;uart_led1.c: 32: if(RCIF ==1)
   372  07CF  1283               	bcf	status, 5	;RP0=0, select bank0
   373  07D0  1303               	bcf	status, 6	;RP1=0, select bank0
   374  07D1  1E8C               	btfss	(101/8),(101)&7
   375  07D2  2FD4               	goto	u31
   376  07D3  2FD5               	goto	u30
   377  07D4                     u31:
   378  07D4  2FDD               	goto	l703
   379  07D5                     u30:
   380                           	line	34
   381                           	
   382  07D5                     l1772:	
   383                           ;uart_led1.c: 33: {
   384                           ;uart_led1.c: 34: rec_data = RCREG;
   385  07D5  081A               	movf	(26),w	;volatile
   386  07D6  00F0               	movwf	(??_uart_receive+0)+0
   387  07D7  0870               	movf	(??_uart_receive+0)+0,w
   388  07D8  00F1               	movwf	(uart_receive@rec_data)
   389  07D9  2FDD               	goto	l703
   390                           	line	35
   391                           	
   392  07DA                     l1774:	
   393                           ;uart_led1.c: 35: return rec_data;
   394                           ;	Return value of _uart_receive is never used
   395  07DA  2FDD               	goto	l703
   396                           	line	36
   397                           	
   398  07DB                     l1776:	
   399                           ;uart_led1.c: 36: RCIF = 0;
   400  07DB  128C               	bcf	(101/8),(101)&7
   401  07DC  2FDD               	goto	l703
   402                           	line	37
   403                           	
   404  07DD                     l702:	
   405                           	line	39
   406                           	
   407  07DD                     l703:	
   408  07DD  0008               	return
   409                           	opt stack 0
   410                           GLOBAL	__end_of_uart_receive
   411  07DE                     	__end_of_uart_receive:
   412 ;; =============== function _uart_receive ends ============
   413                           
   414                           	signat	_uart_receive,89
   415                           	global	_uart_transmit
   416                           psect	text97,local,class=CODE,delta=2
   417                           global __ptext97
   418  07B6                     __ptext97:
   419                           
   420 ;; *************** function _uart_transmit *****************
   421 ;; Defined at:
   422 ;;		line 14 in file "D:\pic_youtube_tutorials\uart_led1.c"
   423 ;; Parameters:    Size  Location     Type
   424 ;;  data            1    wreg     unsigned char 
   425 ;; Auto vars:     Size  Location     Type
   426 ;;  data            1    0[COMMON] unsigned char 
   427 ;; Return value:  Size  Location     Type
   428 ;;		None               void
   429 ;; Registers used:
   430 ;;		wreg
   431 ;; Tracked objects:
   432 ;;		On entry : 0/0
   433 ;;		On exit  : 0/0
   434 ;;		Unchanged: 0/0
   435 ;; Data sizes:     COMMON   BANK0   BANK1   BANK3   BANK2
   436 ;;      Params:         0       0       0       0       0
   437 ;;      Locals:         1       0       0       0       0
   438 ;;      Temps:          0       0       0       0       0
   439 ;;      Totals:         1       0       0       0       0
   440 ;;Total ram usage:        1 bytes
   441 ;; Hardware stack levels used:    1
   442 ;; This function calls:
   443 ;;		Nothing
   444 ;; This function is called by:
   445 ;;		_main
   446 ;;		_uart_string_transmit
   447 ;; This function uses a non-reentrant model
   448 ;;
   449                           psect	text97
   450                           	file	"D:\pic_youtube_tutorials\uart_led1.c"
   451                           	line	14
   452                           	global	__size_of_uart_transmit
   453  000C                     	__size_of_uart_transmit	equ	__end_of_uart_transmit-_uart_transmit
   454                           	
   455  07B6                     _uart_transmit:	
   456                           	opt	stack 7
   457                           ; Regs used in _uart_transmit: [wreg]
   458                           ;uart_transmit@data stored from wreg
   459  07B6  00F0               	movwf	(uart_transmit@data)
   460                           	line	15
   461                           	
   462  07B7                     l1758:	
   463                           ;uart_led1.c: 15: while(TXIF ==0);
   464  07B7  2FB8               	goto	l690
   465                           	
   466  07B8                     l691:	
   467                           	
   468  07B8                     l690:	
   469  07B8  1283               	bcf	status, 5	;RP0=0, select bank0
   470  07B9  1303               	bcf	status, 6	;RP1=0, select bank0
   471  07BA  1E0C               	btfss	(100/8),(100)&7
   472  07BB  2FBD               	goto	u11
   473  07BC  2FBE               	goto	u10
   474  07BD                     u11:
   475  07BD  2FB8               	goto	l690
   476  07BE                     u10:
   477  07BE  2FBF               	goto	l1760
   478                           	
   479  07BF                     l692:	
   480                           	line	16
   481                           	
   482  07BF                     l1760:	
   483                           ;uart_led1.c: 16: TXREG = data;
   484  07BF  0870               	movf	(uart_transmit@data),w
   485  07C0  0099               	movwf	(25)	;volatile
   486                           	line	17
   487                           	
   488  07C1                     l693:	
   489  07C1  0008               	return
   490                           	opt stack 0
   491                           GLOBAL	__end_of_uart_transmit
   492  07C2                     	__end_of_uart_transmit:
   493 ;; =============== function _uart_transmit ends ============
   494                           
   495                           	signat	_uart_transmit,4216
   496                           	global	_uart_init
   497                           psect	text98,local,class=CODE,delta=2
   498                           global __ptext98
   499  07C2                     __ptext98:
   500                           
   501 ;; *************** function _uart_init *****************
   502 ;; Defined at:
   503 ;;		line 6 in file "D:\pic_youtube_tutorials\uart_led1.c"
   504 ;; Parameters:    Size  Location     Type
   505 ;;		None
   506 ;; Auto vars:     Size  Location     Type
   507 ;;		None
   508 ;; Return value:  Size  Location     Type
   509 ;;		None               void
   510 ;; Registers used:
   511 ;;		wreg
   512 ;; Tracked objects:
   513 ;;		On entry : 0/0
   514 ;;		On exit  : 0/0
   515 ;;		Unchanged: 0/0
   516 ;; Data sizes:     COMMON   BANK0   BANK1   BANK3   BANK2
   517 ;;      Params:         0       0       0       0       0
   518 ;;      Locals:         0       0       0       0       0
   519 ;;      Temps:          0       0       0       0       0
   520 ;;      Totals:         0       0       0       0       0
   521 ;;Total ram usage:        0 bytes
   522 ;; Hardware stack levels used:    1
   523 ;; This function calls:
   524 ;;		Nothing
   525 ;; This function is called by:
   526 ;;		_main
   527 ;; This function uses a non-reentrant model
   528 ;;
   529                           psect	text98
   530                           	file	"D:\pic_youtube_tutorials\uart_led1.c"
   531                           	line	6
   532                           	global	__size_of_uart_init
   533  000D                     	__size_of_uart_init	equ	__end_of_uart_init-_uart_init
   534                           	
   535  07C2                     _uart_init:	
   536                           	opt	stack 7
   537                           ; Regs used in _uart_init: [wreg]
   538                           	line	7
   539                           	
   540  07C2                     l1756:	
   541                           ;uart_led1.c: 7: TXSTA = 0x24;
   542  07C2  3024               	movlw	(024h)
   543  07C3  1683               	bsf	status, 5	;RP0=1, select bank1
   544  07C4  1303               	bcf	status, 6	;RP1=0, select bank1
   545  07C5  0098               	movwf	(152)^080h	;volatile
   546                           	line	8
   547                           ;uart_led1.c: 8: RCSTA = 0x90;
   548  07C6  3090               	movlw	(090h)
   549  07C7  1283               	bcf	status, 5	;RP0=0, select bank0
   550  07C8  1303               	bcf	status, 6	;RP1=0, select bank0
   551  07C9  0098               	movwf	(24)	;volatile
   552                           	line	9
   553                           ;uart_led1.c: 9: SPBRG = 103;
   554  07CA  3067               	movlw	(067h)
   555  07CB  1683               	bsf	status, 5	;RP0=1, select bank1
   556  07CC  1303               	bcf	status, 6	;RP1=0, select bank1
   557  07CD  0099               	movwf	(153)^080h	;volatile
   558                           	line	11
   559                           	
   560  07CE                     l687:	
   561  07CE  0008               	return
   562                           	opt stack 0
   563                           GLOBAL	__end_of_uart_init
   564  07CF                     	__end_of_uart_init:
   565 ;; =============== function _uart_init ends ============
   566                           
   567                           	signat	_uart_init,88
   568                           psect	text99,local,class=CODE,delta=2
   569                           global __ptext99
   570  0000                     __ptext99:
   571                           	global	btemp
   572  007E                     	btemp set 07Eh
   573                           
   574                           	DABS	1,126,2	;btemp
   575                           	global	wtemp0
   576  007E                     	wtemp0 set btemp


HI-TECH Software PICC Macro Assembler V9.83 build 10920 
Symbol Table                                                                                   Fri Jul 08 17:31:29 2022

                    _RD 0C60                      u10 07BE                      u11 07BD                      u30 07D5  
                    u31 07D4                      _WR 0C61                     l702 07DD                     l703 07DD  
                   l706 07E3                     l707 07FC                     l708 07FD                     l709 07FD  
                   l690 07B8                     l691 07B8                     l692 07BF                     l693 07C1  
                   l687 07CE                     _GIE 005F                    l1760 07BF                    l2640 07F6  
                  l1770 07CF                    l1756 07C2                    l1772 07D5                    l2636 07DE  
                  l1758 07B7                    l1774 07DA                    l2638 07E9                    l1776 07DB  
                  u2257 07EF                    _RCIF 0065                    _WREN 0C62                    _TXIF 0064  
       ??_uart_transmit 0070                    _main 07DE                    btemp 007E                    start 0000  
                 ?_main 0070                   _EEADR 010D                   _CARRY 0018                   _RCREG 001A  
                 _RCSTA 0018                   _SPBRG 0099                   _TXREG 0019                   _TXSTA 0098  
                 status 0003                   wtemp0 007E            __end_of_main 0800                  ??_main 0072  
                _EEDATA 010C                  _EECON1 018C                  _EECON2 018D          __pcstackCOMMON 0070  
            __pmaintext 07DE      __size_of_uart_init 000D   __end_of_uart_transmit 07C2    end_of_initialization 07B2  
         ?_uart_receive 0070       __end_of_uart_init 07CF    uart_receive@rec_data 0071          ??_uart_receive 0070  
   start_initialization 07B2    __end_of_uart_receive 07DE               _uart_init 07C2  __size_of_uart_transmit 000C  
            ?_uart_init 0070                __ptext95 0000                __ptext96 07CF                __ptext97 07B6  
              __ptext98 07C2                __ptext99 0000       uart_transmit@data 0070           __size_of_main 0022  
         _uart_transmit 07B6   __size_of_uart_receive 000F            _uart_receive 07CF          ?_uart_transmit 0070  
           ??_uart_init 0070  
